  transport1.c
c:\users\89383\documents\visual studio 2017\projects\transportation_system\transportation_system\transport1.c(7): warning C4996: 'wcscpy': This function or variable may be unsafe. Consider using wcscpy_s instead. To disable deprecation, use _CRT_SECURE_NO_WARNINGS. See online help for details.
  c:\program files (x86)\windows kits\10\include\10.0.15063.0\ucrt\corecrt_wstring.h(127): note: 参见“wcscpy”的声明
c:\users\89383\documents\visual studio 2017\projects\transportation_system\transportation_system\transport1.c(9): warning C4996: 'wcscpy': This function or variable may be unsafe. Consider using wcscpy_s instead. To disable deprecation, use _CRT_SECURE_NO_WARNINGS. See online help for details.
  c:\program files (x86)\windows kits\10\include\10.0.15063.0\ucrt\corecrt_wstring.h(127): note: 参见“wcscpy”的声明
c:\users\89383\documents\visual studio 2017\projects\transportation_system\transportation_system\transport1.c(26): warning C4996: 'wcscpy': This function or variable may be unsafe. Consider using wcscpy_s instead. To disable deprecation, use _CRT_SECURE_NO_WARNINGS. See online help for details.
  c:\program files (x86)\windows kits\10\include\10.0.15063.0\ucrt\corecrt_wstring.h(127): note: 参见“wcscpy”的声明
c:\users\89383\documents\visual studio 2017\projects\transportation_system\transportation_system\transport1.c(28): warning C4996: 'wcscpy': This function or variable may be unsafe. Consider using wcscpy_s instead. To disable deprecation, use _CRT_SECURE_NO_WARNINGS. See online help for details.
  c:\program files (x86)\windows kits\10\include\10.0.15063.0\ucrt\corecrt_wstring.h(127): note: 参见“wcscpy”的声明
c:\users\89383\documents\visual studio 2017\projects\transportation_system\transportation_system\transport1.c(30): warning C4996: 'wcscpy': This function or variable may be unsafe. Consider using wcscpy_s instead. To disable deprecation, use _CRT_SECURE_NO_WARNINGS. See online help for details.
  c:\program files (x86)\windows kits\10\include\10.0.15063.0\ucrt\corecrt_wstring.h(127): note: 参见“wcscpy”的声明
c:\users\89383\documents\visual studio 2017\projects\transportation_system\transportation_system\transport1.c(32): warning C4996: 'wcscpy': This function or variable may be unsafe. Consider using wcscpy_s instead. To disable deprecation, use _CRT_SECURE_NO_WARNINGS. See online help for details.
  c:\program files (x86)\windows kits\10\include\10.0.15063.0\ucrt\corecrt_wstring.h(127): note: 参见“wcscpy”的声明
c:\users\89383\documents\visual studio 2017\projects\transportation_system\transportation_system\transport1.c(34): warning C4996: 'wcscpy': This function or variable may be unsafe. Consider using wcscpy_s instead. To disable deprecation, use _CRT_SECURE_NO_WARNINGS. See online help for details.
  c:\program files (x86)\windows kits\10\include\10.0.15063.0\ucrt\corecrt_wstring.h(127): note: 参见“wcscpy”的声明
c:\users\89383\documents\visual studio 2017\projects\transportation_system\transportation_system\transport1.c(36): warning C4996: 'wcscpy': This function or variable may be unsafe. Consider using wcscpy_s instead. To disable deprecation, use _CRT_SECURE_NO_WARNINGS. See online help for details.
  c:\program files (x86)\windows kits\10\include\10.0.15063.0\ucrt\corecrt_wstring.h(127): note: 参见“wcscpy”的声明
c:\users\89383\documents\visual studio 2017\projects\transportation_system\transportation_system\transport1.c(43): warning C4996: 'wcscpy': This function or variable may be unsafe. Consider using wcscpy_s instead. To disable deprecation, use _CRT_SECURE_NO_WARNINGS. See online help for details.
  c:\program files (x86)\windows kits\10\include\10.0.15063.0\ucrt\corecrt_wstring.h(127): note: 参见“wcscpy”的声明
c:\users\89383\documents\visual studio 2017\projects\transportation_system\transportation_system\transport1.c(50): warning C4996: 'wcscpy': This function or variable may be unsafe. Consider using wcscpy_s instead. To disable deprecation, use _CRT_SECURE_NO_WARNINGS. See online help for details.
  c:\program files (x86)\windows kits\10\include\10.0.15063.0\ucrt\corecrt_wstring.h(127): note: 参见“wcscpy”的声明
c:\users\89383\documents\visual studio 2017\projects\transportation_system\transportation_system\transport1.c(52): warning C4996: 'wcscpy': This function or variable may be unsafe. Consider using wcscpy_s instead. To disable deprecation, use _CRT_SECURE_NO_WARNINGS. See online help for details.
  c:\program files (x86)\windows kits\10\include\10.0.15063.0\ucrt\corecrt_wstring.h(127): note: 参见“wcscpy”的声明
c:\users\89383\documents\visual studio 2017\projects\transportation_system\transportation_system\transport1.c(79): warning C4996: 'wcscpy': This function or variable may be unsafe. Consider using wcscpy_s instead. To disable deprecation, use _CRT_SECURE_NO_WARNINGS. See online help for details.
  c:\program files (x86)\windows kits\10\include\10.0.15063.0\ucrt\corecrt_wstring.h(127): note: 参见“wcscpy”的声明
c:\users\89383\documents\visual studio 2017\projects\transportation_system\transportation_system\transport1.c(86): warning C4996: 'wcscpy': This function or variable may be unsafe. Consider using wcscpy_s instead. To disable deprecation, use _CRT_SECURE_NO_WARNINGS. See online help for details.
  c:\program files (x86)\windows kits\10\include\10.0.15063.0\ucrt\corecrt_wstring.h(127): note: 参见“wcscpy”的声明
c:\users\89383\documents\visual studio 2017\projects\transportation_system\transportation_system\transport1.c(88): warning C4996: 'wcscpy': This function or variable may be unsafe. Consider using wcscpy_s instead. To disable deprecation, use _CRT_SECURE_NO_WARNINGS. See online help for details.
  c:\program files (x86)\windows kits\10\include\10.0.15063.0\ucrt\corecrt_wstring.h(127): note: 参见“wcscpy”的声明
c:\users\89383\documents\visual studio 2017\projects\transportation_system\transportation_system\transport1.c(110): warning C4996: 'wcscpy': This function or variable may be unsafe. Consider using wcscpy_s instead. To disable deprecation, use _CRT_SECURE_NO_WARNINGS. See online help for details.
  c:\program files (x86)\windows kits\10\include\10.0.15063.0\ucrt\corecrt_wstring.h(127): note: 参见“wcscpy”的声明
c:\users\89383\documents\visual studio 2017\projects\transportation_system\transportation_system\transport1.c(117): warning C4996: 'wcscpy': This function or variable may be unsafe. Consider using wcscpy_s instead. To disable deprecation, use _CRT_SECURE_NO_WARNINGS. See online help for details.
  c:\program files (x86)\windows kits\10\include\10.0.15063.0\ucrt\corecrt_wstring.h(127): note: 参见“wcscpy”的声明
c:\users\89383\documents\visual studio 2017\projects\transportation_system\transportation_system\transport1.c(119): warning C4996: 'wcscpy': This function or variable may be unsafe. Consider using wcscpy_s instead. To disable deprecation, use _CRT_SECURE_NO_WARNINGS. See online help for details.
  c:\program files (x86)\windows kits\10\include\10.0.15063.0\ucrt\corecrt_wstring.h(127): note: 参见“wcscpy”的声明
c:\users\89383\documents\visual studio 2017\projects\transportation_system\transportation_system\transport1.c(121): warning C4996: 'wcscpy': This function or variable may be unsafe. Consider using wcscpy_s instead. To disable deprecation, use _CRT_SECURE_NO_WARNINGS. See online help for details.
  c:\program files (x86)\windows kits\10\include\10.0.15063.0\ucrt\corecrt_wstring.h(127): note: 参见“wcscpy”的声明
c:\users\89383\documents\visual studio 2017\projects\transportation_system\transportation_system\transport1.c(123): warning C4996: 'wcscpy': This function or variable may be unsafe. Consider using wcscpy_s instead. To disable deprecation, use _CRT_SECURE_NO_WARNINGS. See online help for details.
  c:\program files (x86)\windows kits\10\include\10.0.15063.0\ucrt\corecrt_wstring.h(127): note: 参见“wcscpy”的声明
c:\users\89383\documents\visual studio 2017\projects\transportation_system\transportation_system\transport1.c(125): warning C4996: 'wcscpy': This function or variable may be unsafe. Consider using wcscpy_s instead. To disable deprecation, use _CRT_SECURE_NO_WARNINGS. See online help for details.
  c:\program files (x86)\windows kits\10\include\10.0.15063.0\ucrt\corecrt_wstring.h(127): note: 参见“wcscpy”的声明
c:\users\89383\documents\visual studio 2017\projects\transportation_system\transportation_system\transport1.c(127): warning C4996: 'wcscpy': This function or variable may be unsafe. Consider using wcscpy_s instead. To disable deprecation, use _CRT_SECURE_NO_WARNINGS. See online help for details.
  c:\program files (x86)\windows kits\10\include\10.0.15063.0\ucrt\corecrt_wstring.h(127): note: 参见“wcscpy”的声明
c:\users\89383\documents\visual studio 2017\projects\transportation_system\transportation_system\transport1.c(297): warning C4996: 'wcscpy': This function or variable may be unsafe. Consider using wcscpy_s instead. To disable deprecation, use _CRT_SECURE_NO_WARNINGS. See online help for details.
  c:\program files (x86)\windows kits\10\include\10.0.15063.0\ucrt\corecrt_wstring.h(127): note: 参见“wcscpy”的声明
c:\users\89383\documents\visual studio 2017\projects\transportation_system\transportation_system\transport1.c(298): warning C4996: 'wcscpy': This function or variable may be unsafe. Consider using wcscpy_s instead. To disable deprecation, use _CRT_SECURE_NO_WARNINGS. See online help for details.
  c:\program files (x86)\windows kits\10\include\10.0.15063.0\ucrt\corecrt_wstring.h(127): note: 参见“wcscpy”的声明
c:\users\89383\documents\visual studio 2017\projects\transportation_system\transportation_system\transport1.c(299): warning C4996: 'wcscpy': This function or variable may be unsafe. Consider using wcscpy_s instead. To disable deprecation, use _CRT_SECURE_NO_WARNINGS. See online help for details.
  c:\program files (x86)\windows kits\10\include\10.0.15063.0\ucrt\corecrt_wstring.h(127): note: 参见“wcscpy”的声明
c:\users\89383\documents\visual studio 2017\projects\transportation_system\transportation_system\transport1.c(300): warning C4996: 'wcscpy': This function or variable may be unsafe. Consider using wcscpy_s instead. To disable deprecation, use _CRT_SECURE_NO_WARNINGS. See online help for details.
  c:\program files (x86)\windows kits\10\include\10.0.15063.0\ucrt\corecrt_wstring.h(127): note: 参见“wcscpy”的声明
c:\users\89383\documents\visual studio 2017\projects\transportation_system\transportation_system\transport1.c(301): warning C4996: 'wcscpy': This function or variable may be unsafe. Consider using wcscpy_s instead. To disable deprecation, use _CRT_SECURE_NO_WARNINGS. See online help for details.
  c:\program files (x86)\windows kits\10\include\10.0.15063.0\ucrt\corecrt_wstring.h(127): note: 参见“wcscpy”的声明
c:\users\89383\documents\visual studio 2017\projects\transportation_system\transportation_system\transport1.c(302): warning C4996: 'wcscpy': This function or variable may be unsafe. Consider using wcscpy_s instead. To disable deprecation, use _CRT_SECURE_NO_WARNINGS. See online help for details.
  c:\program files (x86)\windows kits\10\include\10.0.15063.0\ucrt\corecrt_wstring.h(127): note: 参见“wcscpy”的声明
c:\users\89383\documents\visual studio 2017\projects\transportation_system\transportation_system\transport1.c(303): warning C4996: 'wcscpy': This function or variable may be unsafe. Consider using wcscpy_s instead. To disable deprecation, use _CRT_SECURE_NO_WARNINGS. See online help for details.
  c:\program files (x86)\windows kits\10\include\10.0.15063.0\ucrt\corecrt_wstring.h(127): note: 参见“wcscpy”的声明
c:\users\89383\documents\visual studio 2017\projects\transportation_system\transportation_system\transport1.c(304): warning C4996: 'wcscpy': This function or variable may be unsafe. Consider using wcscpy_s instead. To disable deprecation, use _CRT_SECURE_NO_WARNINGS. See online help for details.
  c:\program files (x86)\windows kits\10\include\10.0.15063.0\ucrt\corecrt_wstring.h(127): note: 参见“wcscpy”的声明
c:\users\89383\documents\visual studio 2017\projects\transportation_system\transportation_system\transport1.c(312): warning C4996: 'wcscpy': This function or variable may be unsafe. Consider using wcscpy_s instead. To disable deprecation, use _CRT_SECURE_NO_WARNINGS. See online help for details.
  c:\program files (x86)\windows kits\10\include\10.0.15063.0\ucrt\corecrt_wstring.h(127): note: 参见“wcscpy”的声明
c:\users\89383\documents\visual studio 2017\projects\transportation_system\transportation_system\transport1.c(313): warning C4996: 'wcscpy': This function or variable may be unsafe. Consider using wcscpy_s instead. To disable deprecation, use _CRT_SECURE_NO_WARNINGS. See online help for details.
  c:\program files (x86)\windows kits\10\include\10.0.15063.0\ucrt\corecrt_wstring.h(127): note: 参见“wcscpy”的声明
c:\users\89383\documents\visual studio 2017\projects\transportation_system\transportation_system\transport1.c(314): warning C4996: 'wcscpy': This function or variable may be unsafe. Consider using wcscpy_s instead. To disable deprecation, use _CRT_SECURE_NO_WARNINGS. See online help for details.
  c:\program files (x86)\windows kits\10\include\10.0.15063.0\ucrt\corecrt_wstring.h(127): note: 参见“wcscpy”的声明
c:\users\89383\documents\visual studio 2017\projects\transportation_system\transportation_system\transport1.c(324): warning C4996: 'wcscpy': This function or variable may be unsafe. Consider using wcscpy_s instead. To disable deprecation, use _CRT_SECURE_NO_WARNINGS. See online help for details.
  c:\program files (x86)\windows kits\10\include\10.0.15063.0\ucrt\corecrt_wstring.h(127): note: 参见“wcscpy”的声明
c:\users\89383\documents\visual studio 2017\projects\transportation_system\transportation_system\transport1.c(325): warning C4996: 'wcscpy': This function or variable may be unsafe. Consider using wcscpy_s instead. To disable deprecation, use _CRT_SECURE_NO_WARNINGS. See online help for details.
  c:\program files (x86)\windows kits\10\include\10.0.15063.0\ucrt\corecrt_wstring.h(127): note: 参见“wcscpy”的声明
c:\users\89383\documents\visual studio 2017\projects\transportation_system\transportation_system\transport1.c(326): warning C4996: 'wcscpy': This function or variable may be unsafe. Consider using wcscpy_s instead. To disable deprecation, use _CRT_SECURE_NO_WARNINGS. See online help for details.
  c:\program files (x86)\windows kits\10\include\10.0.15063.0\ucrt\corecrt_wstring.h(127): note: 参见“wcscpy”的声明
c:\users\89383\documents\visual studio 2017\projects\transportation_system\transportation_system\transport1.c(327): warning C4996: 'wcscpy': This function or variable may be unsafe. Consider using wcscpy_s instead. To disable deprecation, use _CRT_SECURE_NO_WARNINGS. See online help for details.
  c:\program files (x86)\windows kits\10\include\10.0.15063.0\ucrt\corecrt_wstring.h(127): note: 参见“wcscpy”的声明
c:\users\89383\documents\visual studio 2017\projects\transportation_system\transportation_system\transport1.c(328): warning C4996: 'wcscpy': This function or variable may be unsafe. Consider using wcscpy_s instead. To disable deprecation, use _CRT_SECURE_NO_WARNINGS. See online help for details.
  c:\program files (x86)\windows kits\10\include\10.0.15063.0\ucrt\corecrt_wstring.h(127): note: 参见“wcscpy”的声明
c:\users\89383\documents\visual studio 2017\projects\transportation_system\transportation_system\transport1.c(329): warning C4996: 'wcscpy': This function or variable may be unsafe. Consider using wcscpy_s instead. To disable deprecation, use _CRT_SECURE_NO_WARNINGS. See online help for details.
  c:\program files (x86)\windows kits\10\include\10.0.15063.0\ucrt\corecrt_wstring.h(127): note: 参见“wcscpy”的声明
c:\users\89383\documents\visual studio 2017\projects\transportation_system\transportation_system\transport1.c(384): warning C4996: 'fopen': This function or variable may be unsafe. Consider using fopen_s instead. To disable deprecation, use _CRT_SECURE_NO_WARNINGS. See online help for details.
  c:\program files (x86)\windows kits\10\include\10.0.15063.0\ucrt\stdio.h(207): note: 参见“fopen”的声明
c:\users\89383\documents\visual studio 2017\projects\transportation_system\transportation_system\transport1.c(386): warning C4996: 'fopen': This function or variable may be unsafe. Consider using fopen_s instead. To disable deprecation, use _CRT_SECURE_NO_WARNINGS. See online help for details.
  c:\program files (x86)\windows kits\10\include\10.0.15063.0\ucrt\stdio.h(207): note: 参见“fopen”的声明
c:\users\89383\documents\visual studio 2017\projects\transportation_system\transportation_system\transport1.c(388): warning C4996: 'fopen': This function or variable may be unsafe. Consider using fopen_s instead. To disable deprecation, use _CRT_SECURE_NO_WARNINGS. See online help for details.
  c:\program files (x86)\windows kits\10\include\10.0.15063.0\ucrt\stdio.h(207): note: 参见“fopen”的声明
c:\users\89383\documents\visual studio 2017\projects\transportation_system\transportation_system\transport1.c(420): warning C4129: “s”: 不可识别的字符转义序列
c:\users\89383\documents\visual studio 2017\projects\transportation_system\transportation_system\transport1.c(418): warning C4996: 'fopen': This function or variable may be unsafe. Consider using fopen_s instead. To disable deprecation, use _CRT_SECURE_NO_WARNINGS. See online help for details.
  c:\program files (x86)\windows kits\10\include\10.0.15063.0\ucrt\stdio.h(207): note: 参见“fopen”的声明
c:\users\89383\documents\visual studio 2017\projects\transportation_system\transportation_system\transport1.c(420): warning C4996: 'fopen': This function or variable may be unsafe. Consider using fopen_s instead. To disable deprecation, use _CRT_SECURE_NO_WARNINGS. See online help for details.
  c:\program files (x86)\windows kits\10\include\10.0.15063.0\ucrt\stdio.h(207): note: 参见“fopen”的声明
c:\users\89383\documents\visual studio 2017\projects\transportation_system\transportation_system\transport1.c(422): warning C4996: 'fopen': This function or variable may be unsafe. Consider using fopen_s instead. To disable deprecation, use _CRT_SECURE_NO_WARNINGS. See online help for details.
  c:\program files (x86)\windows kits\10\include\10.0.15063.0\ucrt\stdio.h(207): note: 参见“fopen”的声明
c:\users\89383\documents\visual studio 2017\projects\transportation_system\transportation_system\transport1.c(600): warning C4996: 'wcscat': This function or variable may be unsafe. Consider using wcscat_s instead. To disable deprecation, use _CRT_SECURE_NO_WARNINGS. See online help for details.
  c:\program files (x86)\windows kits\10\include\10.0.15063.0\ucrt\corecrt_wstring.h(104): note: 参见“wcscat”的声明
c:\users\89383\documents\visual studio 2017\projects\transportation_system\transportation_system\transport1.c(601): warning C4996: 'wcscat': This function or variable may be unsafe. Consider using wcscat_s instead. To disable deprecation, use _CRT_SECURE_NO_WARNINGS. See online help for details.
  c:\program files (x86)\windows kits\10\include\10.0.15063.0\ucrt\corecrt_wstring.h(104): note: 参见“wcscat”的声明
c:\users\89383\documents\visual studio 2017\projects\transportation_system\transportation_system\transport1.c(623): warning C4996: 'wcscpy': This function or variable may be unsafe. Consider using wcscpy_s instead. To disable deprecation, use _CRT_SECURE_NO_WARNINGS. See online help for details.
  c:\program files (x86)\windows kits\10\include\10.0.15063.0\ucrt\corecrt_wstring.h(127): note: 参见“wcscpy”的声明
c:\users\89383\documents\visual studio 2017\projects\transportation_system\transportation_system\transport1.c(627): warning C4996: 'wcscpy': This function or variable may be unsafe. Consider using wcscpy_s instead. To disable deprecation, use _CRT_SECURE_NO_WARNINGS. See online help for details.
  c:\program files (x86)\windows kits\10\include\10.0.15063.0\ucrt\corecrt_wstring.h(127): note: 参见“wcscpy”的声明
c:\users\89383\documents\visual studio 2017\projects\transportation_system\transportation_system\transport1.c(634): warning C4996: 'wcscat': This function or variable may be unsafe. Consider using wcscat_s instead. To disable deprecation, use _CRT_SECURE_NO_WARNINGS. See online help for details.
  c:\program files (x86)\windows kits\10\include\10.0.15063.0\ucrt\corecrt_wstring.h(104): note: 参见“wcscat”的声明
c:\users\89383\documents\visual studio 2017\projects\transportation_system\transportation_system\transport1.c(635): warning C4996: 'wcscat': This function or variable may be unsafe. Consider using wcscat_s instead. To disable deprecation, use _CRT_SECURE_NO_WARNINGS. See online help for details.
  c:\program files (x86)\windows kits\10\include\10.0.15063.0\ucrt\corecrt_wstring.h(104): note: 参见“wcscat”的声明
c:\users\89383\documents\visual studio 2017\projects\transportation_system\transportation_system\transport1.c(636): warning C4996: 'wcscat': This function or variable may be unsafe. Consider using wcscat_s instead. To disable deprecation, use _CRT_SECURE_NO_WARNINGS. See online help for details.
  c:\program files (x86)\windows kits\10\include\10.0.15063.0\ucrt\corecrt_wstring.h(104): note: 参见“wcscat”的声明
c:\users\89383\documents\visual studio 2017\projects\transportation_system\transportation_system\transport1.c(647): warning C4996: 'wcscpy': This function or variable may be unsafe. Consider using wcscpy_s instead. To disable deprecation, use _CRT_SECURE_NO_WARNINGS. See online help for details.
  c:\program files (x86)\windows kits\10\include\10.0.15063.0\ucrt\corecrt_wstring.h(127): note: 参见“wcscpy”的声明
c:\users\89383\documents\visual studio 2017\projects\transportation_system\transportation_system\transport1.c(651): warning C4996: 'wcscpy': This function or variable may be unsafe. Consider using wcscpy_s instead. To disable deprecation, use _CRT_SECURE_NO_WARNINGS. See online help for details.
  c:\program files (x86)\windows kits\10\include\10.0.15063.0\ucrt\corecrt_wstring.h(127): note: 参见“wcscpy”的声明
c:\users\89383\documents\visual studio 2017\projects\transportation_system\transportation_system\transport1.c(658): warning C4996: 'wcscat': This function or variable may be unsafe. Consider using wcscat_s instead. To disable deprecation, use _CRT_SECURE_NO_WARNINGS. See online help for details.
  c:\program files (x86)\windows kits\10\include\10.0.15063.0\ucrt\corecrt_wstring.h(104): note: 参见“wcscat”的声明
c:\users\89383\documents\visual studio 2017\projects\transportation_system\transportation_system\transport1.c(659): warning C4996: 'wcscat': This function or variable may be unsafe. Consider using wcscat_s instead. To disable deprecation, use _CRT_SECURE_NO_WARNINGS. See online help for details.
  c:\program files (x86)\windows kits\10\include\10.0.15063.0\ucrt\corecrt_wstring.h(104): note: 参见“wcscat”的声明
c:\users\89383\documents\visual studio 2017\projects\transportation_system\transportation_system\transport1.c(660): warning C4996: 'wcscat': This function or variable may be unsafe. Consider using wcscat_s instead. To disable deprecation, use _CRT_SECURE_NO_WARNINGS. See online help for details.
  c:\program files (x86)\windows kits\10\include\10.0.15063.0\ucrt\corecrt_wstring.h(104): note: 参见“wcscat”的声明
c:\users\89383\documents\visual studio 2017\projects\transportation_system\transportation_system\transport1.c(674): warning C4996: 'wcscat': This function or variable may be unsafe. Consider using wcscat_s instead. To disable deprecation, use _CRT_SECURE_NO_WARNINGS. See online help for details.
  c:\program files (x86)\windows kits\10\include\10.0.15063.0\ucrt\corecrt_wstring.h(104): note: 参见“wcscat”的声明
c:\users\89383\documents\visual studio 2017\projects\transportation_system\transportation_system\transport1.c(675): warning C4996: 'wcscat': This function or variable may be unsafe. Consider using wcscat_s instead. To disable deprecation, use _CRT_SECURE_NO_WARNINGS. See online help for details.
  c:\program files (x86)\windows kits\10\include\10.0.15063.0\ucrt\corecrt_wstring.h(104): note: 参见“wcscat”的声明
c:\users\89383\documents\visual studio 2017\projects\transportation_system\transportation_system\transport1.c(703): warning C4996: 'wcscat': This function or variable may be unsafe. Consider using wcscat_s instead. To disable deprecation, use _CRT_SECURE_NO_WARNINGS. See online help for details.
  c:\program files (x86)\windows kits\10\include\10.0.15063.0\ucrt\corecrt_wstring.h(104): note: 参见“wcscat”的声明
c:\users\89383\documents\visual studio 2017\projects\transportation_system\transportation_system\transport1.c(704): warning C4996: 'wcscat': This function or variable may be unsafe. Consider using wcscat_s instead. To disable deprecation, use _CRT_SECURE_NO_WARNINGS. See online help for details.
  c:\program files (x86)\windows kits\10\include\10.0.15063.0\ucrt\corecrt_wstring.h(104): note: 参见“wcscat”的声明
c:\users\89383\documents\visual studio 2017\projects\transportation_system\transportation_system\transport1.c(705): warning C4996: 'wcscat': This function or variable may be unsafe. Consider using wcscat_s instead. To disable deprecation, use _CRT_SECURE_NO_WARNINGS. See online help for details.
  c:\program files (x86)\windows kits\10\include\10.0.15063.0\ucrt\corecrt_wstring.h(104): note: 参见“wcscat”的声明
c:\users\89383\documents\visual studio 2017\projects\transportation_system\transportation_system\transport1.c(708): warning C4996: 'wcscat': This function or variable may be unsafe. Consider using wcscat_s instead. To disable deprecation, use _CRT_SECURE_NO_WARNINGS. See online help for details.
  c:\program files (x86)\windows kits\10\include\10.0.15063.0\ucrt\corecrt_wstring.h(104): note: 参见“wcscat”的声明
c:\users\89383\documents\visual studio 2017\projects\transportation_system\transportation_system\transport1.c(709): warning C4996: 'wcscat': This function or variable may be unsafe. Consider using wcscat_s instead. To disable deprecation, use _CRT_SECURE_NO_WARNINGS. See online help for details.
  c:\program files (x86)\windows kits\10\include\10.0.15063.0\ucrt\corecrt_wstring.h(104): note: 参见“wcscat”的声明
c:\users\89383\documents\visual studio 2017\projects\transportation_system\transportation_system\transport1.c(738): warning C4996: 'wcscat': This function or variable may be unsafe. Consider using wcscat_s instead. To disable deprecation, use _CRT_SECURE_NO_WARNINGS. See online help for details.
  c:\program files (x86)\windows kits\10\include\10.0.15063.0\ucrt\corecrt_wstring.h(104): note: 参见“wcscat”的声明
c:\users\89383\documents\visual studio 2017\projects\transportation_system\transportation_system\transport1.c(769): warning C4996: 'wcscat': This function or variable may be unsafe. Consider using wcscat_s instead. To disable deprecation, use _CRT_SECURE_NO_WARNINGS. See online help for details.
  c:\program files (x86)\windows kits\10\include\10.0.15063.0\ucrt\corecrt_wstring.h(104): note: 参见“wcscat”的声明
c:\users\89383\documents\visual studio 2017\projects\transportation_system\transportation_system\transport1.c(770): warning C4996: 'wcscat': This function or variable may be unsafe. Consider using wcscat_s instead. To disable deprecation, use _CRT_SECURE_NO_WARNINGS. See online help for details.
  c:\program files (x86)\windows kits\10\include\10.0.15063.0\ucrt\corecrt_wstring.h(104): note: 参见“wcscat”的声明
c:\users\89383\documents\visual studio 2017\projects\transportation_system\transportation_system\transport1.c(771): warning C4996: 'wcscat': This function or variable may be unsafe. Consider using wcscat_s instead. To disable deprecation, use _CRT_SECURE_NO_WARNINGS. See online help for details.
  c:\program files (x86)\windows kits\10\include\10.0.15063.0\ucrt\corecrt_wstring.h(104): note: 参见“wcscat”的声明
c:\users\89383\documents\visual studio 2017\projects\transportation_system\transportation_system\transport1.c(774): warning C4996: 'wcscat': This function or variable may be unsafe. Consider using wcscat_s instead. To disable deprecation, use _CRT_SECURE_NO_WARNINGS. See online help for details.
  c:\program files (x86)\windows kits\10\include\10.0.15063.0\ucrt\corecrt_wstring.h(104): note: 参见“wcscat”的声明
c:\users\89383\documents\visual studio 2017\projects\transportation_system\transportation_system\transport1.c(775): warning C4996: 'wcscat': This function or variable may be unsafe. Consider using wcscat_s instead. To disable deprecation, use _CRT_SECURE_NO_WARNINGS. See online help for details.
  c:\program files (x86)\windows kits\10\include\10.0.15063.0\ucrt\corecrt_wstring.h(104): note: 参见“wcscat”的声明
c:\users\89383\documents\visual studio 2017\projects\transportation_system\transportation_system\transport1.c(797): warning C4996: 'wcscat': This function or variable may be unsafe. Consider using wcscat_s instead. To disable deprecation, use _CRT_SECURE_NO_WARNINGS. See online help for details.
  c:\program files (x86)\windows kits\10\include\10.0.15063.0\ucrt\corecrt_wstring.h(104): note: 参见“wcscat”的声明
c:\users\89383\documents\visual studio 2017\projects\transportation_system\transportation_system\transport1.c(798): warning C4996: 'wcscat': This function or variable may be unsafe. Consider using wcscat_s instead. To disable deprecation, use _CRT_SECURE_NO_WARNINGS. See online help for details.
  c:\program files (x86)\windows kits\10\include\10.0.15063.0\ucrt\corecrt_wstring.h(104): note: 参见“wcscat”的声明
c:\users\89383\documents\visual studio 2017\projects\transportation_system\transportation_system\transport1.c(799): warning C4996: 'wcscat': This function or variable may be unsafe. Consider using wcscat_s instead. To disable deprecation, use _CRT_SECURE_NO_WARNINGS. See online help for details.
  c:\program files (x86)\windows kits\10\include\10.0.15063.0\ucrt\corecrt_wstring.h(104): note: 参见“wcscat”的声明
c:\users\89383\documents\visual studio 2017\projects\transportation_system\transportation_system\transport1.c(802): warning C4996: 'wcscat': This function or variable may be unsafe. Consider using wcscat_s instead. To disable deprecation, use _CRT_SECURE_NO_WARNINGS. See online help for details.
  c:\program files (x86)\windows kits\10\include\10.0.15063.0\ucrt\corecrt_wstring.h(104): note: 参见“wcscat”的声明
c:\users\89383\documents\visual studio 2017\projects\transportation_system\transportation_system\transport1.c(803): warning C4996: 'wcscat': This function or variable may be unsafe. Consider using wcscat_s instead. To disable deprecation, use _CRT_SECURE_NO_WARNINGS. See online help for details.
  c:\program files (x86)\windows kits\10\include\10.0.15063.0\ucrt\corecrt_wstring.h(104): note: 参见“wcscat”的声明
c:\users\89383\documents\visual studio 2017\projects\transportation_system\transportation_system\transport1.c(804): warning C4996: 'wcscat': This function or variable may be unsafe. Consider using wcscat_s instead. To disable deprecation, use _CRT_SECURE_NO_WARNINGS. See online help for details.
  c:\program files (x86)\windows kits\10\include\10.0.15063.0\ucrt\corecrt_wstring.h(104): note: 参见“wcscat”的声明
c:\users\89383\documents\visual studio 2017\projects\transportation_system\transportation_system\transport1.c(805): warning C4996: 'wcscat': This function or variable may be unsafe. Consider using wcscat_s instead. To disable deprecation, use _CRT_SECURE_NO_WARNINGS. See online help for details.
  c:\program files (x86)\windows kits\10\include\10.0.15063.0\ucrt\corecrt_wstring.h(104): note: 参见“wcscat”的声明
c:\users\89383\documents\visual studio 2017\projects\transportation_system\transportation_system\transport1.c(808): warning C4996: 'wcscat': This function or variable may be unsafe. Consider using wcscat_s instead. To disable deprecation, use _CRT_SECURE_NO_WARNINGS. See online help for details.
  c:\program files (x86)\windows kits\10\include\10.0.15063.0\ucrt\corecrt_wstring.h(104): note: 参见“wcscat”的声明
c:\users\89383\documents\visual studio 2017\projects\transportation_system\transportation_system\transport1.c(809): warning C4996: 'wcscat': This function or variable may be unsafe. Consider using wcscat_s instead. To disable deprecation, use _CRT_SECURE_NO_WARNINGS. See online help for details.
  c:\program files (x86)\windows kits\10\include\10.0.15063.0\ucrt\corecrt_wstring.h(104): note: 参见“wcscat”的声明
c:\users\89383\documents\visual studio 2017\projects\transportation_system\transportation_system\transport1.c(810): warning C4996: 'wcscat': This function or variable may be unsafe. Consider using wcscat_s instead. To disable deprecation, use _CRT_SECURE_NO_WARNINGS. See online help for details.
  c:\program files (x86)\windows kits\10\include\10.0.15063.0\ucrt\corecrt_wstring.h(104): note: 参见“wcscat”的声明
c:\users\89383\documents\visual studio 2017\projects\transportation_system\transportation_system\transport1.c(811): warning C4996: 'wcscat': This function or variable may be unsafe. Consider using wcscat_s instead. To disable deprecation, use _CRT_SECURE_NO_WARNINGS. See online help for details.
  c:\program files (x86)\windows kits\10\include\10.0.15063.0\ucrt\corecrt_wstring.h(104): note: 参见“wcscat”的声明
  Transportation_System.vcxproj -> C:\Users\89383\Documents\Visual Studio 2017\Projects\Transportation_System\Debug\Transportation_System.exe
  Transportation_System.vcxproj -> C:\Users\89383\Documents\Visual Studio 2017\Projects\Transportation_System\Debug\Transportation_System.pdb (Partial PDB)
